
*** Running vivado
    with args -log SOC_FIFO.vds -m64 -product Vivado -mode batch -messageDb vivado.pb -notrace -source SOC_FIFO.tcl



****** Vivado v2023.2 (64-bit)
  **** SW Build 4029153 on Fri Oct 13 20:14:34 MDT 2023
  **** IP Build 4028589 on Sat Oct 14 00:45:43 MDT 2023
  **** SharedData Build 4025554 on Tue Oct 10 17:18:54 MDT 2023
    ** Copyright 1986-2022 Xilinx, Inc. All Rights Reserved.
    ** Copyright 2022-2023 Advanced Micro Devices, Inc. All Rights Reserved.

source SOC_FIFO.tcl -notrace
create_project: Time (s): cpu = 00:00:03 ; elapsed = 00:00:05 . Memory (MB): peak = 554.188 ; gain = 179.508
Command: read_checkpoint -auto_incremental -incremental D:/Sem2Year3/Redemption/SoC_Lab1/Redemption/Redemption.srcs/utils_1/imports/synth_1/FA.dcp
INFO: [Vivado 12-5825] Read reference checkpoint from D:/Sem2Year3/Redemption/SoC_Lab1/Redemption/Redemption.srcs/utils_1/imports/synth_1/FA.dcp for incremental synthesis
INFO: [Vivado 12-7989] Please ensure there are no constraint changes
Command: synth_design -top SOC_FIFO -part xc7vx485tffg1761-2
Starting synth_design
Attempting to get a license for feature 'Synthesis' and/or device 'xc7vx485t'
INFO: [Common 17-349] Got license for feature 'Synthesis' and/or device 'xc7vx485t'
INFO: [Device 21-403] Loading part xc7vx485tffg1761-2
INFO: [Designutils 20-5440] No compile time benefit to using incremental synthesis; A full resynthesis will be run
INFO: [Designutils 20-4379] Flow is switching to default flow due to incremental criteria not met. If you would like to alter this behaviour and have the flow terminate instead, please set the following parameter config_implementation {autoIncr.Synth.RejectBehavior Terminate}
INFO: [Synth 8-7079] Multithreading enabled for synth_design using a maximum of 2 processes.
INFO: [Synth 8-7078] Launching helper process for spawning children vivado processes
INFO: [Synth 8-7075] Helper process launched with PID 13588
---------------------------------------------------------------------------------
Starting RTL Elaboration : Time (s): cpu = 00:00:03 ; elapsed = 00:00:05 . Memory (MB): peak = 1571.707 ; gain = 440.289
---------------------------------------------------------------------------------
INFO: [Synth 8-6157] synthesizing module 'SOC_FIFO' [D:/Sem2Year3/Redemption/SoC_Lab1/Redemption/Redemption.srcs/sources_1/new/SOC_FIFO.v:19]
INFO: [Synth 8-6157] synthesizing module 'Controller' [D:/Sem2Year3/Redemption/SoC_Lab1/Redemption/Redemption.srcs/sources_1/new/Controller.v:22]
	Parameter DEPTH bound to: 4 - type: integer 
INFO: [Synth 8-6155] done synthesizing module 'Controller' (0#1) [D:/Sem2Year3/Redemption/SoC_Lab1/Redemption/Redemption.srcs/sources_1/new/Controller.v:22]
INFO: [Synth 8-6157] synthesizing module 'Pointer' [D:/Sem2Year3/Redemption/SoC_Lab1/Redemption/Redemption.srcs/sources_1/new/Pointer.v:21]
	Parameter DEPTH bound to: 4 - type: integer 
INFO: [Synth 8-6155] done synthesizing module 'Pointer' (0#1) [D:/Sem2Year3/Redemption/SoC_Lab1/Redemption/Redemption.srcs/sources_1/new/Pointer.v:21]
INFO: [Synth 8-6157] synthesizing module 'RegArray' [D:/Sem2Year3/Redemption/SoC_Lab1/Redemption/Redemption.srcs/sources_1/new/RegArray.v:20]
	Parameter WIDTH bound to: 8 - type: integer 
	Parameter DEPTH bound to: 4 - type: integer 
INFO: [Synth 8-6155] done synthesizing module 'RegArray' (0#1) [D:/Sem2Year3/Redemption/SoC_Lab1/Redemption/Redemption.srcs/sources_1/new/RegArray.v:20]
INFO: [Synth 8-6155] done synthesizing module 'SOC_FIFO' (0#1) [D:/Sem2Year3/Redemption/SoC_Lab1/Redemption/Redemption.srcs/sources_1/new/SOC_FIFO.v:19]
WARNING: [Synth 8-7137] Register element_count_reg in module Controller has both Set and reset with same priority. This may cause simulation mismatches. Consider rewriting code  [D:/Sem2Year3/Redemption/SoC_Lab1/Redemption/Redemption.srcs/sources_1/new/Controller.v:49]
---------------------------------------------------------------------------------
Finished RTL Elaboration : Time (s): cpu = 00:00:03 ; elapsed = 00:00:07 . Memory (MB): peak = 1679.645 ; gain = 548.227
---------------------------------------------------------------------------------
---------------------------------------------------------------------------------
Start Handling Custom Attributes
---------------------------------------------------------------------------------
---------------------------------------------------------------------------------
Finished Handling Custom Attributes : Time (s): cpu = 00:00:03 ; elapsed = 00:00:07 . Memory (MB): peak = 1679.645 ; gain = 548.227
---------------------------------------------------------------------------------
---------------------------------------------------------------------------------
Finished RTL Optimization Phase 1 : Time (s): cpu = 00:00:03 ; elapsed = 00:00:07 . Memory (MB): peak = 1679.645 ; gain = 548.227
---------------------------------------------------------------------------------
Netlist sorting complete. Time (s): cpu = 00:00:00 ; elapsed = 00:00:00.001 . Memory (MB): peak = 1679.645 ; gain = 0.000
INFO: [Project 1-570] Preparing netlist for logic optimization

Processing XDC Constraints
Initializing timing engine
Parsing XDC File [D:/Sem2Year3/Redemption/SoC_Lab1/Redemption/Redemption.srcs/constrs_1/new/FIFO_cons.xdc]
Finished Parsing XDC File [D:/Sem2Year3/Redemption/SoC_Lab1/Redemption/Redemption.srcs/constrs_1/new/FIFO_cons.xdc]
Completed Processing XDC Constraints

Netlist sorting complete. Time (s): cpu = 00:00:00 ; elapsed = 00:00:00 . Memory (MB): peak = 1779.934 ; gain = 0.000
INFO: [Project 1-111] Unisim Transformation Summary:
No Unisim elements were transformed.

The system cannot find the path specified.
Constraint Validation Runtime : Time (s): cpu = 00:00:00 ; elapsed = 00:00:00.006 . Memory (MB): peak = 1779.934 ; gain = 0.000
INFO: [Designutils 20-5440] No compile time benefit to using incremental synthesis; A full resynthesis will be run
INFO: [Designutils 20-4379] Flow is switching to default flow due to incremental criteria not met. If you would like to alter this behaviour and have the flow terminate instead, please set the following parameter config_implementation {autoIncr.Synth.RejectBehavior Terminate}
---------------------------------------------------------------------------------
Finished Constraint Validation : Time (s): cpu = 00:00:08 ; elapsed = 00:00:15 . Memory (MB): peak = 1779.934 ; gain = 648.516
---------------------------------------------------------------------------------
---------------------------------------------------------------------------------
Start Loading Part and Timing Information
---------------------------------------------------------------------------------
Loading part: xc7vx485tffg1761-2
---------------------------------------------------------------------------------
Finished Loading Part and Timing Information : Time (s): cpu = 00:00:08 ; elapsed = 00:00:15 . Memory (MB): peak = 1779.934 ; gain = 648.516
---------------------------------------------------------------------------------
---------------------------------------------------------------------------------
Start Applying 'set_property' XDC Constraints
---------------------------------------------------------------------------------
---------------------------------------------------------------------------------
Finished applying 'set_property' XDC Constraints : Time (s): cpu = 00:00:08 ; elapsed = 00:00:15 . Memory (MB): peak = 1779.934 ; gain = 648.516
---------------------------------------------------------------------------------
WARNING: [Synth 8-327] inferring latch for variable 'DOUT_reg' [D:/Sem2Year3/Redemption/SoC_Lab1/Redemption/Redemption.srcs/sources_1/new/RegArray.v:34]
WARNING: [Synth 8-327] inferring latch for variable 'reg_array_reg[0]' [D:/Sem2Year3/Redemption/SoC_Lab1/Redemption/Redemption.srcs/sources_1/new/RegArray.v:37]
WARNING: [Synth 8-327] inferring latch for variable 'reg_array_reg[1]' [D:/Sem2Year3/Redemption/SoC_Lab1/Redemption/Redemption.srcs/sources_1/new/RegArray.v:37]
WARNING: [Synth 8-327] inferring latch for variable 'reg_array_reg[2]' [D:/Sem2Year3/Redemption/SoC_Lab1/Redemption/Redemption.srcs/sources_1/new/RegArray.v:37]
WARNING: [Synth 8-327] inferring latch for variable 'reg_array_reg[3]' [D:/Sem2Year3/Redemption/SoC_Lab1/Redemption/Redemption.srcs/sources_1/new/RegArray.v:37]
---------------------------------------------------------------------------------
Finished RTL Optimization Phase 2 : Time (s): cpu = 00:00:08 ; elapsed = 00:00:15 . Memory (MB): peak = 1779.934 ; gain = 648.516
---------------------------------------------------------------------------------
---------------------------------------------------------------------------------
Start RTL Component Statistics 
---------------------------------------------------------------------------------
Detailed RTL Component Info : 
+---Adders : 
	   2 Input    2 Bit       Adders := 3     
+---Registers : 
	                2 Bit    Registers := 3     
	                1 Bit    Registers := 4     
+---Muxes : 
	   4 Input    8 Bit        Muxes := 1     
	   2 Input    8 Bit        Muxes := 1     
	   2 Input    2 Bit        Muxes := 1     
	   2 Input    1 Bit        Muxes := 7     
---------------------------------------------------------------------------------
Finished RTL Component Statistics 
---------------------------------------------------------------------------------
---------------------------------------------------------------------------------
Start Part Resource Summary
---------------------------------------------------------------------------------
Part Resources:
DSPs: 2800 (col length:140)
BRAMs: 2060 (col length: RAMB18 140 RAMB36 70)
---------------------------------------------------------------------------------
Finished Part Resource Summary
---------------------------------------------------------------------------------
---------------------------------------------------------------------------------
Start Cross Boundary and Area Optimization
---------------------------------------------------------------------------------
WARNING: [Synth 8-7080] Parallel synthesis criteria is not met
---------------------------------------------------------------------------------
Finished Cross Boundary and Area Optimization : Time (s): cpu = 00:00:09 ; elapsed = 00:00:17 . Memory (MB): peak = 1779.934 ; gain = 648.516
---------------------------------------------------------------------------------
---------------------------------------------------------------------------------
Start Applying XDC Timing Constraints
---------------------------------------------------------------------------------
---------------------------------------------------------------------------------
Finished Applying XDC Timing Constraints : Time (s): cpu = 00:00:13 ; elapsed = 00:00:22 . Memory (MB): peak = 1779.934 ; gain = 648.516
---------------------------------------------------------------------------------
---------------------------------------------------------------------------------
Start Timing Optimization
---------------------------------------------------------------------------------
---------------------------------------------------------------------------------
Finished Timing Optimization : Time (s): cpu = 00:00:13 ; elapsed = 00:00:22 . Memory (MB): peak = 1779.934 ; gain = 648.516
---------------------------------------------------------------------------------
---------------------------------------------------------------------------------
Start Technology Mapping
---------------------------------------------------------------------------------
---------------------------------------------------------------------------------
Finished Technology Mapping : Time (s): cpu = 00:00:13 ; elapsed = 00:00:22 . Memory (MB): peak = 1779.934 ; gain = 648.516
---------------------------------------------------------------------------------
---------------------------------------------------------------------------------
Start IO Insertion
---------------------------------------------------------------------------------
---------------------------------------------------------------------------------
Start Flattening Before IO Insertion
---------------------------------------------------------------------------------
---------------------------------------------------------------------------------
Finished Flattening Before IO Insertion
---------------------------------------------------------------------------------
---------------------------------------------------------------------------------
Start Final Netlist Cleanup
---------------------------------------------------------------------------------
---------------------------------------------------------------------------------
Finished Final Netlist Cleanup
---------------------------------------------------------------------------------
---------------------------------------------------------------------------------
Finished IO Insertion : Time (s): cpu = 00:00:15 ; elapsed = 00:00:27 . Memory (MB): peak = 1779.934 ; gain = 648.516
---------------------------------------------------------------------------------
---------------------------------------------------------------------------------
Start Renaming Generated Instances
---------------------------------------------------------------------------------
---------------------------------------------------------------------------------
Finished Renaming Generated Instances : Time (s): cpu = 00:00:15 ; elapsed = 00:00:27 . Memory (MB): peak = 1779.934 ; gain = 648.516
---------------------------------------------------------------------------------
---------------------------------------------------------------------------------
Start Rebuilding User Hierarchy
---------------------------------------------------------------------------------
---------------------------------------------------------------------------------
Finished Rebuilding User Hierarchy : Time (s): cpu = 00:00:15 ; elapsed = 00:00:27 . Memory (MB): peak = 1779.934 ; gain = 648.516
---------------------------------------------------------------------------------
---------------------------------------------------------------------------------
Start Renaming Generated Ports
---------------------------------------------------------------------------------
---------------------------------------------------------------------------------
Finished Renaming Generated Ports : Time (s): cpu = 00:00:15 ; elapsed = 00:00:27 . Memory (MB): peak = 1779.934 ; gain = 648.516
---------------------------------------------------------------------------------
---------------------------------------------------------------------------------
Start Handling Custom Attributes
---------------------------------------------------------------------------------
---------------------------------------------------------------------------------
Finished Handling Custom Attributes : Time (s): cpu = 00:00:15 ; elapsed = 00:00:27 . Memory (MB): peak = 1779.934 ; gain = 648.516
---------------------------------------------------------------------------------
---------------------------------------------------------------------------------
Start Renaming Generated Nets
---------------------------------------------------------------------------------
---------------------------------------------------------------------------------
Finished Renaming Generated Nets : Time (s): cpu = 00:00:15 ; elapsed = 00:00:27 . Memory (MB): peak = 1779.934 ; gain = 648.516
---------------------------------------------------------------------------------
---------------------------------------------------------------------------------
Start Writing Synthesis Report
---------------------------------------------------------------------------------

Report BlackBoxes: 
+-+--------------+----------+
| |BlackBox name |Instances |
+-+--------------+----------+
+-+--------------+----------+

Report Cell Usage: 
+------+-----+------+
|      |Cell |Count |
+------+-----+------+
|1     |BUFG |     1|
|2     |LUT2 |    14|
|3     |LUT3 |     2|
|4     |LUT4 |     5|
|5     |LUT5 |     2|
|6     |LUT6 |     8|
|7     |FDCE |     2|
|8     |FDRE |     8|
|9     |LD   |    40|
|10    |IBUF |    12|
|11    |OBUF |    10|
+------+-----+------+
---------------------------------------------------------------------------------
Finished Writing Synthesis Report : Time (s): cpu = 00:00:15 ; elapsed = 00:00:27 . Memory (MB): peak = 1779.934 ; gain = 648.516
---------------------------------------------------------------------------------
Synthesis finished with 0 errors, 0 critical warnings and 6 warnings.
Synthesis Optimization Runtime : Time (s): cpu = 00:00:10 ; elapsed = 00:00:24 . Memory (MB): peak = 1779.934 ; gain = 548.227
Synthesis Optimization Complete : Time (s): cpu = 00:00:15 ; elapsed = 00:00:27 . Memory (MB): peak = 1779.934 ; gain = 648.516
INFO: [Project 1-571] Translating synthesized netlist
Netlist sorting complete. Time (s): cpu = 00:00:00 ; elapsed = 00:00:00.001 . Memory (MB): peak = 1779.934 ; gain = 0.000
INFO: [Netlist 29-17] Analyzing 40 Unisim elements for replacement
INFO: [Netlist 29-28] Unisim Transformation completed in 0 CPU seconds
INFO: [Project 1-570] Preparing netlist for logic optimization
INFO: [Opt 31-138] Pushed 0 inverter(s) to 0 load pin(s).
Netlist sorting complete. Time (s): cpu = 00:00:00 ; elapsed = 00:00:00 . Memory (MB): peak = 1779.934 ; gain = 0.000
INFO: [Project 1-111] Unisim Transformation Summary:
  A total of 40 instances were transformed.
  LD => LDCE: 40 instances

The system cannot find the path specified.
Synth Design complete | Checksum: 9b68a71b
INFO: [Common 17-83] Releasing license: Synthesis
28 Infos, 7 Warnings, 0 Critical Warnings and 0 Errors encountered.
synth_design completed successfully
synth_design: Time (s): cpu = 00:00:19 ; elapsed = 00:00:36 . Memory (MB): peak = 1779.934 ; gain = 1220.762
Write ShapeDB Complete: Time (s): cpu = 00:00:00 ; elapsed = 00:00:00.002 . Memory (MB): peak = 1779.934 ; gain = 0.000
INFO: [Common 17-1381] The checkpoint 'D:/Sem2Year3/Redemption/SoC_Lab1/Redemption/Redemption.runs/synth_1/SOC_FIFO.dcp' has been generated.
INFO: [runtcl-4] Executing : report_utilization -file SOC_FIFO_utilization_synth.rpt -pb SOC_FIFO_utilization_synth.pb
INFO: [Common 17-206] Exiting Vivado at Thu Feb 27 21:00:29 2025...
