Copyright 1986-2022 Xilinx, Inc. All Rights Reserved. Copyright 2022-2023 Advanced Micro Devices, Inc. All Rights Reserved.
---------------------------------------------------------------------------------------------------------------------------------------------
| Tool Version : Vivado v.2023.2 (win64) Build 4029153 Fri Oct 13 20:14:34 MDT 2023
| Date         : Thu Feb 27 21:02:19 2025
| Host         : LAPTOP-K5G8HKBB running 64-bit major release  (build 9200)
| Command      : report_control_sets -verbose -file SOC_FIFO_control_sets_placed.rpt
| Design       : SOC_FIFO
| Device       : xc7vx485t
---------------------------------------------------------------------------------------------------------------------------------------------

Control Set Information

Table of Contents
-----------------
1. Summary
2. Histogram
3. Flip-Flop Distribution
4. Detailed Control Set Information

1. Summary
----------

+----------------------------------------------------------+-------+
|                          Status                          | Count |
+----------------------------------------------------------+-------+
| Total control sets                                       |     7 |
|    Minimum number of control sets                        |     7 |
|    Addition due to synthesis replication                 |     0 |
|    Addition due to physical synthesis replication        |     0 |
| Unused register locations in slices containing registers |     6 |
+----------------------------------------------------------+-------+
* Control sets can be merged at opt_design using control_set_merge or merge_equivalent_drivers
** Run report_qor_suggestions for automated merging and remapping suggestions


2. Histogram
------------

+--------------------+-------+
|       Fanout       | Count |
+--------------------+-------+
| Total control sets |     7 |
| >= 0 to < 4        |     1 |
| >= 4 to < 6        |     0 |
| >= 6 to < 8        |     0 |
| >= 8 to < 10       |     6 |
| >= 10 to < 12      |     0 |
| >= 12 to < 14      |     0 |
| >= 14 to < 16      |     0 |
| >= 16              |     0 |
+--------------------+-------+
* Control sets can be remapped at either synth_design or opt_design


3. Flip-Flop Distribution
-------------------------

+--------------+-----------------------+------------------------+-----------------+--------------+
| Clock Enable | Synchronous Set/Reset | Asynchronous Set/Reset | Total Registers | Total Slices |
+--------------+-----------------------+------------------------+-----------------+--------------+
| No           | No                    | No                     |              48 |           16 |
| No           | No                    | Yes                    |               2 |            1 |
| No           | Yes                   | No                     |               0 |            0 |
| Yes          | No                    | No                     |               0 |            0 |
| Yes          | No                    | Yes                    |               0 |            0 |
| Yes          | Yes                   | No                     |               0 |            0 |
+--------------+-----------------------+------------------------+-----------------+--------------+


4. Detailed Control Set Information
-----------------------------------

+-----------------------------+---------------+------------------+------------------+----------------+--------------+
|         Clock Signal        | Enable Signal | Set/Reset Signal | Slice Load Count | Bel Load Count | Bels / Slice |
+-----------------------------+---------------+------------------+------------------+----------------+--------------+
|  CLK_IBUF_BUFG              |               | RST_IBUF         |                1 |              2 |         2.00 |
|  CTRL/E[0]                  |               |                  |                2 |              8 |         4.00 |
|  WPTR/addr_temp_reg[1]_1[0] |               |                  |                4 |              8 |         2.00 |
|  WPTR/addr_temp_reg[0]_0[0] |               |                  |                2 |              8 |         4.00 |
|  WPTR/addr_temp_reg[0]_1[0] |               |                  |                2 |              8 |         4.00 |
|  WPTR/addr_temp_reg[1]_0[0] |               |                  |                2 |              8 |         4.00 |
|  CLK_IBUF_BUFG              |               |                  |                4 |              8 |         2.00 |
+-----------------------------+---------------+------------------+------------------+----------------+--------------+


