Time resolution is 1 ps
W or R: 11
No read task occured
W or R: 10
No read task occured
W or R: 11
No read task occured
W or R: 11
No read task occured
W or R: 00
No read task occured
W or R: 01
Read task correct
Expected Queue: '{}
Actual Queue: '{170,170,170,170,170,170,170,170,170,170,170,170,170,170,170,170}
W or R: 00
No read task occured
W or R: 00
No read task occured
$finish called at time : 16860 ns : File "D:/Sem2Year3/Redemption/SoC_Lab1/Redemption/Redemption.srcs/sim_1/new/automatic_test.sv" Line 50
